ssc-app/app/build/intermediates/manifest_merge_blame_file/debug/manifest-merger-blame-debug-report.txt
1<?xml version="1.0" encoding="utf-8"?>
2<manifest xmlns:android="http://schemas.android.com/apk/res/android"
3    package="com.slotstarsclub.app"
4    android:versionCode="1"
5    android:versionName="1.0.0" >
6
7    <uses-sdk
8        android:minSdkVersion="24"
9        android:targetSdkVersion="34" />
10
11    <uses-permission android:name="android.permission.INTERNET" />
11-->src/main/AndroidManifest.xml:5:5-67
11-->src/main/AndroidManifest.xml:5:22-64
12    <uses-permission android:name="android.permission.ACCESS_NETWORK_STATE" />
12-->src/main/AndroidManifest.xml:6:5-79
12-->src/main/AndroidManifest.xml:6:22-76
13
14    <permission
14-->[androidx.core:core:1.12.0] AndroidManifest.xml:22:5-24:47
15        android:name="com.slotstarsclub.app.DYNAMIC_RECEIVER_NOT_EXPORTED_PERMISSION"
15-->[androidx.core:core:1.12.0] AndroidManifest.xml:23:9-81
16        android:protectionLevel="signature" />
16-->[androidx.core:core:1.12.0] AndroidManifest.xml:24:9-44
17
18    <uses-permission android:name="com.slotstarsclub.app.DYNAMIC_RECEIVER_NOT_EXPORTED_PERMISSION" />
18-->[androidx.core:core:1.12.0] AndroidManifest.xml:26:5-97
18-->[androidx.core:core:1.12.0] AndroidManifest.xml:26:22-94
19
20    <application
20-->src/main/AndroidManifest.xml:8:5-41:19
21        android:allowBackup="true"
21-->src/main/AndroidManifest.xml:9:9-35
22        android:appComponentFactory="androidx.core.app.CoreComponentFactory"
22-->[androidx.core:core:1.12.0] AndroidManifest.xml:28:18-86
23        android:debuggable="true"
24        android:extractNativeLibs="false"
25        android:hardwareAccelerated="true"
25-->src/main/AndroidManifest.xml:16:9-43
26        android:icon="@mipmap/ic_launcher"
26-->src/main/AndroidManifest.xml:10:9-43
27        android:label="@string/app_name"
27-->src/main/AndroidManifest.xml:11:9-41
28        android:roundIcon="@mipmap/ic_launcher_round"
28-->src/main/AndroidManifest.xml:12:9-54
29        android:supportsRtl="true"
29-->src/main/AndroidManifest.xml:13:9-35
30        android:theme="@style/Theme.SlotStarsClub"
30-->src/main/AndroidManifest.xml:14:9-51
31        android:usesCleartextTraffic="true" >
31-->src/main/AndroidManifest.xml:15:9-44
32        <activity
32-->src/main/AndroidManifest.xml:19:9-39:20
33            android:name="com.slotstarsclub.app.MainActivity"
33-->src/main/AndroidManifest.xml:20:13-41
34            android:configChanges="orientation|screenSize|screenLayout|keyboardHidden"
34-->src/main/AndroidManifest.xml:22:13-87
35            android:exported="true"
35-->src/main/AndroidManifest.xml:21:13-36
36            android:launchMode="singleTask"
36-->src/main/AndroidManifest.xml:23:13-44
37            android:screenOrientation="portrait"
37-->src/main/AndroidManifest.xml:24:13-49
38            android:windowSoftInputMode="adjustResize" >
38-->src/main/AndroidManifest.xml:25:13-55
39            <intent-filter>
39-->src/main/AndroidManifest.xml:27:13-30:29
40                <action android:name="android.intent.action.MAIN" />
40-->src/main/AndroidManifest.xml:28:17-69
40-->src/main/AndroidManifest.xml:28:25-66
41
42                <category android:name="android.intent.category.LAUNCHER" />
42-->src/main/AndroidManifest.xml:29:17-77
42-->src/main/AndroidManifest.xml:29:27-74
43            </intent-filter>
44
45            <!-- Deep link to your domain -->
46            <intent-filter android:autoVerify="true" >
46-->src/main/AndroidManifest.xml:33:13-38:29
46-->src/main/AndroidManifest.xml:33:28-53
47                <action android:name="android.intent.action.VIEW" />
47-->src/main/AndroidManifest.xml:34:17-69
47-->src/main/AndroidManifest.xml:34:25-66
48
49                <category android:name="android.intent.category.DEFAULT" />
49-->src/main/AndroidManifest.xml:35:17-76
49-->src/main/AndroidManifest.xml:35:27-73
50                <category android:name="android.intent.category.BROWSABLE" />
50-->src/main/AndroidManifest.xml:36:17-78
50-->src/main/AndroidManifest.xml:36:27-75
51
52                <data
52-->src/main/AndroidManifest.xml:37:17-81
53                    android:host="slotstarsclub.fun"
53-->src/main/AndroidManifest.xml:37:46-78
54                    android:scheme="https" />
54-->src/main/AndroidManifest.xml:37:23-45
55            </intent-filter>
56        </activity>
57
58        <provider
58-->[androidx.emoji2:emoji2:1.2.0] AndroidManifest.xml:24:9-32:20
59            android:name="androidx.startup.InitializationProvider"
59-->[androidx.emoji2:emoji2:1.2.0] AndroidManifest.xml:25:13-67
60            android:authorities="com.slotstarsclub.app.androidx-startup"
60-->[androidx.emoji2:emoji2:1.2.0] AndroidManifest.xml:26:13-68
61            android:exported="false" >
61-->[androidx.emoji2:emoji2:1.2.0] AndroidManifest.xml:27:13-37
62            <meta-data
62-->[androidx.emoji2:emoji2:1.2.0] AndroidManifest.xml:29:13-31:52
63                android:name="androidx.emoji2.text.EmojiCompatInitializer"
63-->[androidx.emoji2:emoji2:1.2.0] AndroidManifest.xml:30:17-75
64                android:value="androidx.startup" />
64-->[androidx.emoji2:emoji2:1.2.0] AndroidManifest.xml:31:17-49
65            <meta-data
65-->[androidx.lifecycle:lifecycle-process:2.6.1] AndroidManifest.xml:29:13-31:52
66                android:name="androidx.lifecycle.ProcessLifecycleInitializer"
66-->[androidx.lifecycle:lifecycle-process:2.6.1] AndroidManifest.xml:30:17-78
67                android:value="androidx.startup" />
67-->[androidx.lifecycle:lifecycle-process:2.6.1] AndroidManifest.xml:31:17-49
68            <meta-data
68-->[androidx.profileinstaller:profileinstaller:1.3.0] AndroidManifest.xml:29:13-31:52
69                android:name="androidx.profileinstaller.ProfileInstallerInitializer"
69-->[androidx.profileinstaller:profileinstaller:1.3.0] AndroidManifest.xml:30:17-85
70                android:value="androidx.startup" />
70-->[androidx.profileinstaller:profileinstaller:1.3.0] AndroidManifest.xml:31:17-49
71        </provider>
72
73        <receiver
73-->[androidx.profileinstaller:profileinstaller:1.3.0] AndroidManifest.xml:34:9-52:20
74            android:name="androidx.profileinstaller.ProfileInstallReceiver"
74-->[androidx.profileinstaller:profileinstaller:1.3.0] AndroidManifest.xml:35:13-76
75            android:directBootAware="false"
75-->[androidx.profileinstaller:profileinstaller:1.3.0] AndroidManifest.xml:36:13-44
76            android:enabled="true"
76-->[androidx.profileinstaller:profileinstaller:1.3.0] AndroidManifest.xml:37:13-35
77            android:exported="true"
77-->[androidx.profileinstaller:profileinstaller:1.3.0] AndroidManifest.xml:38:13-36
78            android:permission="android.permission.DUMP" >
78-->[androidx.profileinstaller:profileinstaller:1.3.0] AndroidManifest.xml:39:13-57
79            <intent-filter>
79-->[androidx.profileinstaller:profileinstaller:1.3.0] AndroidManifest.xml:40:13-42:29
80                <action android:name="androidx.profileinstaller.action.INSTALL_PROFILE" />
80-->[androidx.profileinstaller:profileinstaller:1.3.0] AndroidManifest.xml:41:17-91
80-->[androidx.profileinstaller:profileinstaller:1.3.0] AndroidManifest.xml:41:25-88
81            </intent-filter>
82            <intent-filter>
82-->[androidx.profileinstaller:profileinstaller:1.3.0] AndroidManifest.xml:43:13-45:29
83                <action android:name="androidx.profileinstaller.action.SKIP_FILE" />
83-->[androidx.profileinstaller:profileinstaller:1.3.0] AndroidManifest.xml:44:17-85
83-->[androidx.profileinstaller:profileinstaller:1.3.0] AndroidManifest.xml:44:25-82
84            </intent-filter>
85            <intent-filter>
85-->[androidx.profileinstaller:profileinstaller:1.3.0] AndroidManifest.xml:46:13-48:29
86                <action android:name="androidx.profileinstaller.action.SAVE_PROFILE" />
86-->[androidx.profileinstaller:profileinstaller:1.3.0] AndroidManifest.xml:47:17-88
86-->[androidx.profileinstaller:profileinstaller:1.3.0] AndroidManifest.xml:47:25-85
87            </intent-filter>
88            <intent-filter>
88-->[androidx.profileinstaller:profileinstaller:1.3.0] AndroidManifest.xml:49:13-51:29
89                <action android:name="androidx.profileinstaller.action.BENCHMARK_OPERATION" />
89-->[androidx.profileinstaller:profileinstaller:1.3.0] AndroidManifest.xml:50:17-95
89-->[androidx.profileinstaller:profileinstaller:1.3.0] AndroidManifest.xml:50:25-92
90            </intent-filter>
91        </receiver>
92    </application>
93
94</manifest>